<?xml version="1.0" encoding="UTF-8"?>
<testng-results skipped="0" failed="0" total="1" passed="1">
  <reporter-output>
  </reporter-output>
  <suite name="Default suite" duration-ms="1920" started-at="2013-07-08T05:44:31Z" finished-at="2013-07-08T05:44:33Z">
    <groups>
    </groups>
    <test name="Default test" duration-ms="1920" started-at="2013-07-08T05:44:31Z" finished-at="2013-07-08T05:44:33Z">
      <class name="com.mkyong.AppTest2">
        <test-method status="PASS" signature="springTestContextBeforeTestClass()[pri:0, instance:com.mkyong.AppTest2@7ac2b2f6]" name="springTestContextBeforeTestClass" is-config="true" duration-ms="10" started-at="2013-07-08T13:44:31Z" finished-at="2013-07-08T13:44:31Z">
          <reporter-output>
          </reporter-output>
        </test-method> <!-- springTestContextBeforeTestClass -->
        <test-method status="PASS" signature="springTestContextPrepareTestInstance()[pri:0, instance:com.mkyong.AppTest2@7ac2b2f6]" name="springTestContextPrepareTestInstance" is-config="true" duration-ms="1634" started-at="2013-07-08T13:44:31Z" depends-on-methods="org.springframework.test.context.testng.AbstractTestNGSpringContextTests.springTestContextBeforeTestClass" finished-at="2013-07-08T13:44:32Z">
          <reporter-output>
          </reporter-output>
        </test-method> <!-- springTestContextPrepareTestInstance -->
        <test-method status="PASS" signature="springTestContextBeforeTestMethod(java.lang.reflect.Method)[pri:0, instance:com.mkyong.AppTest2@7ac2b2f6]" name="springTestContextBeforeTestMethod" is-config="true" duration-ms="1" started-at="2013-07-08T13:44:33Z" finished-at="2013-07-08T13:44:33Z">
          <params>
            <param index="0">
              <value>
                <![CDATA[public void com.mkyong.AppTest2.launchJob() throws java.lang.Exception]]>
              </value>
            </param>
          </params>
          <reporter-output>
          </reporter-output>
        </test-method> <!-- springTestContextBeforeTestMethod -->
        <test-method status="PASS" signature="launchJob()[pri:0, instance:com.mkyong.AppTest2@7ac2b2f6]" name="launchJob" duration-ms="260" started-at="2013-07-08T13:44:33Z" finished-at="2013-07-08T13:44:33Z">
          <reporter-output>
          </reporter-output>
        </test-method> <!-- launchJob -->
        <test-method status="PASS" signature="springTestContextAfterTestMethod(java.lang.reflect.Method)[pri:0, instance:com.mkyong.AppTest2@7ac2b2f6]" name="springTestContextAfterTestMethod" is-config="true" duration-ms="1" started-at="2013-07-08T13:44:33Z" finished-at="2013-07-08T13:44:33Z">
          <params>
            <param index="0">
              <value>
                <![CDATA[public void com.mkyong.AppTest2.launchJob() throws java.lang.Exception]]>
              </value>
            </param>
          </params>
          <reporter-output>
          </reporter-output>
        </test-method> <!-- springTestContextAfterTestMethod -->
        <test-method status="PASS" signature="springTestContextAfterTestClass()[pri:0, instance:com.mkyong.AppTest2@7ac2b2f6]" name="springTestContextAfterTestClass" is-config="true" duration-ms="1" started-at="2013-07-08T13:44:33Z" finished-at="2013-07-08T13:44:33Z">
          <reporter-output>
          </reporter-output>
        </test-method> <!-- springTestContextAfterTestClass -->
      </class> <!-- com.mkyong.AppTest2 -->
    </test> <!-- Default test -->
  </suite> <!-- Default suite -->
</testng-results>
